2025-03-16 16:30:34,277 - SchedulerManager - INFO - Initializing SchedulerManager
2025-03-16 16:30:34,277 - apscheduler.scheduler - INFO - Scheduler started
2025-03-16 16:30:34,277 - SchedulerManager - INFO - APScheduler started successfully
2025-03-16 16:30:34,354 - werkzeug - INFO - [31m[1mWARNING: This is a development server. Do not use it in a production deployment. Use a production WSGI server instead.[0m
 * Running on https://localhost:8443
2025-03-16 16:30:34,354 - werkzeug - INFO - [33mPress CTRL+C to quit[0m
2025-03-16 16:30:59,910 - werkzeug - INFO - 127.0.0.1 - - [16/Mar/2025 16:30:59] "POST /content/analyze HTTP/1.1" 200 -
2025-03-16 16:31:08,285 - werkzeug - INFO - 127.0.0.1 - - [16/Mar/2025 16:31:08] "POST /instagram/hashtags HTTP/1.1" 200 -
2025-03-16 16:31:22,379 - werkzeug - INFO - 127.0.0.1 - - [16/Mar/2025 16:31:22] "POST /content/generate-optimized HTTP/1.1" 200 -
2025-03-16 16:31:36,716 - werkzeug - INFO - 127.0.0.1 - - [16/Mar/2025 16:31:36] "POST /content/generate-optimized HTTP/1.1" 200 -
2025-03-16 16:31:52,246 - werkzeug - INFO - 127.0.0.1 - - [16/Mar/2025 16:31:52] "POST /content/generate-optimized HTTP/1.1" 200 -
2025-03-16 16:32:24,941 - __main__ - INFO - Received scheduling request
2025-03-16 16:32:24,941 - __main__ - INFO - Request data: {'post_id': 26, 'platform_id': 2, 'scheduled_time': '2025-03-16 16:35:00', 'user_id': 6, 'timezone': 'Asia/Karachi', 'post_data': {'AI_generated_description': "🌟 In a world that never hits pause, our minds often feel like they're running a marathon. But remember, it's okay to take a break. 🧠💖\n\nTherapy isn't a sign of weakness; it's a bold step towards understanding ourselves and reclaiming our peace. Just like we fuel our bodies, let’s fuel our minds! \n\nDrop a 🌈 if you're on this journey too. Let's lift each other up! \n\n#MentalHealthMatters #TherapyIsCool #SelfCare #HealingJourney #Mindfulness #BreakTheStigma #MentalWellness #YouAreNotAlone", 'access_token': 'EAANdFud29dwBO5qpQhloh7ZBifm2ZC0CFQq6tJ8ZAR7XZA4x4lFcgO3iZAotuEGJ1Lqf3lXZAn3bVVUZAba69Iz5CXITDXb5GSwO7T3b13lZClFUo7FTQM5ZBpLOFLrcTpc2YmTgOlAeIPmrRUEF22ZC7kLJaqmNTBPUBFtankpWt2lMMctjkpAlsHsW2LSkqpNIszf4CS4GwBJ4ZCk4nabeP9PwqWBcZBuhzP9SikZCorG9P110xTm7zG9TZBrVvnAGZB290CxigZDZD', 'media_type': 'image/jpeg', 'file_path': 'D:\\Study\\Live_FYP_site\\SocialMind\\Post_Generation/scheduled/26/1742124743_5825499.jpg', 'platform_page_id': '17841468223585701', 'platform_page_name': 'Instagram Account'}}
2025-03-16 16:32:25,241 - SchedulerManager - INFO - Scheduling post 26 for user 6 in timezone: Asia/Karachi
2025-03-16 16:32:25,575 - apscheduler.scheduler - INFO - Added job "Scheduled Post 26 for Platform 2" to job store "default"
2025-03-16 16:32:25,575 - SchedulerManager - INFO - Post 26 scheduled for 2025-03-16 16:35:00+05:00 (Asia/Karachi)
2025-03-16 16:32:25,575 - __main__ - INFO - Successfully scheduled post 26
2025-03-16 16:32:25,591 - werkzeug - INFO - 127.0.0.1 - - [16/Mar/2025 16:32:25] "POST /scheduler/schedule HTTP/1.1" 200 -
2025-03-16 16:35:00,020 - apscheduler.executors.default - INFO - Running job "Scheduled Post 26 for Platform 2 (trigger: date[2025-03-16 16:35:00 PKT], next run at: 2025-03-16 16:35:00 PKT)" (scheduled at 2025-03-16 16:35:00+05:00)
2025-03-16 16:35:00,020 - apscheduler.scheduler - INFO - Removed job post_26_2
2025-03-16 16:35:00,020 - SchedulerManager - INFO - Executing post 26 at 2025-03-16 16:35:00.020176+05:00 (Asia/Karachi)
2025-03-16 16:35:00,020 - SchedulerManager - INFO - 

EXECUTED Post data: {'AI_generated_description': "🌟 In a world that never hits pause, our minds often feel like they're running a marathon. But remember, it's okay to take a break. 🧠💖\n\nTherapy isn't a sign of weakness; it's a bold step towards understanding ourselves and reclaiming our peace. Just like we fuel our bodies, let’s fuel our minds! \n\nDrop a 🌈 if you're on this journey too. Let's lift each other up! \n\n#MentalHealthMatters #TherapyIsCool #SelfCare #HealingJourney #Mindfulness #BreakTheStigma #MentalWellness #YouAreNotAlone", 'access_token': 'EAANdFud29dwBO5qpQhloh7ZBifm2ZC0CFQq6tJ8ZAR7XZA4x4lFcgO3iZAotuEGJ1Lqf3lXZAn3bVVUZAba69Iz5CXITDXb5GSwO7T3b13lZClFUo7FTQM5ZBpLOFLrcTpc2YmTgOlAeIPmrRUEF22ZC7kLJaqmNTBPUBFtankpWt2lMMctjkpAlsHsW2LSkqpNIszf4CS4GwBJ4ZCk4nabeP9PwqWBcZBuhzP9SikZCorG9P110xTm7zG9TZBrVvnAGZB290CxigZDZD', 'media_type': 'image/jpeg', 'file_path': 'D:\\Study\\Live_FYP_site\\SocialMind\\Post_Generation/scheduled/26/1742124743_5825499.jpg', 'platform_page_id': '17841468223585701', 'platform_page_name': 'Instagram Account'}


2025-03-16 16:35:14,738 - SchedulerManager - ERROR - Error publishing post 26: InstagramManager.post_content() got an unexpected keyword argument 'media_url'
2025-03-16 16:35:14,742 - apscheduler.executors.default - INFO - Job "Scheduled Post 26 for Platform 2 (trigger: date[2025-03-16 16:35:00 PKT], next run at: 2025-03-16 16:35:00 PKT)" executed successfully
2025-03-16 16:38:17,609 - __main__ - INFO - Received scheduling request
2025-03-16 16:38:17,616 - __main__ - INFO - Request data: {'post_id': 27, 'platform_id': 2, 'scheduled_time': '2025-03-16 16:40:00', 'user_id': 6, 'timezone': 'Asia/Karachi', 'post_data': {'AI_generated_description': "🌟 Just a reminder: It's okay to not be okay! 🌈💖 Taking care of your mental health is just as important as taking care of your physical health. Let’s break the stigma and talk about it! \n\nWhat’s one way you cope with stress? Share below! 👇✨ \n\n#MentalHealthMatters #BreakTheStigma #SelfCare #YouAreNotAlone #Mindfulness #MentalWellness #EmotionalHealth #TalkAboutIt", 'access_token': 'EAANdFud29dwBO5qpQhloh7ZBifm2ZC0CFQq6tJ8ZAR7XZA4x4lFcgO3iZAotuEGJ1Lqf3lXZAn3bVVUZAba69Iz5CXITDXb5GSwO7T3b13lZClFUo7FTQM5ZBpLOFLrcTpc2YmTgOlAeIPmrRUEF22ZC7kLJaqmNTBPUBFtankpWt2lMMctjkpAlsHsW2LSkqpNIszf4CS4GwBJ4ZCk4nabeP9PwqWBcZBuhzP9SikZCorG9P110xTm7zG9TZBrVvnAGZB290CxigZDZD', 'media_type': 'image/jpeg', 'file_path': 'D:\\Study\\Live_FYP_site\\SocialMind\\Post_Generation/scheduled/27/1742125096_5825499.jpg', 'platform_page_id': '17841468223585701', 'platform_page_name': 'Instagram Account'}}
2025-03-16 16:38:17,616 - SchedulerManager - INFO - Scheduling post 27 for user 6 in timezone: Asia/Karachi
2025-03-16 16:38:17,617 - apscheduler.scheduler - INFO - Added job "Scheduled Post 27 for Platform 2" to job store "default"
2025-03-16 16:38:17,618 - SchedulerManager - INFO - Post 27 scheduled for 2025-03-16 16:40:00+05:00 (Asia/Karachi)
2025-03-16 16:38:17,618 - __main__ - INFO - Successfully scheduled post 27
2025-03-16 16:38:17,618 - werkzeug - INFO - 127.0.0.1 - - [16/Mar/2025 16:38:17] "POST /scheduler/schedule HTTP/1.1" 200 -
2025-03-16 16:40:00,007 - apscheduler.scheduler - INFO - Removed job post_27_2
2025-03-16 16:40:00,009 - apscheduler.executors.default - INFO - Running job "Scheduled Post 27 for Platform 2 (trigger: date[2025-03-16 16:40:00 PKT], next run at: 2025-03-16 16:40:00 PKT)" (scheduled at 2025-03-16 16:40:00+05:00)
2025-03-16 16:40:00,009 - SchedulerManager - INFO - Executing post 27 at 2025-03-16 16:40:00.009531+05:00 (Asia/Karachi)
2025-03-16 16:40:00,011 - SchedulerManager - INFO - 

EXECUTED Post data: {'AI_generated_description': "🌟 Just a reminder: It's okay to not be okay! 🌈💖 Taking care of your mental health is just as important as taking care of your physical health. Let’s break the stigma and talk about it! \n\nWhat’s one way you cope with stress? Share below! 👇✨ \n\n#MentalHealthMatters #BreakTheStigma #SelfCare #YouAreNotAlone #Mindfulness #MentalWellness #EmotionalHealth #TalkAboutIt", 'access_token': 'EAANdFud29dwBO5qpQhloh7ZBifm2ZC0CFQq6tJ8ZAR7XZA4x4lFcgO3iZAotuEGJ1Lqf3lXZAn3bVVUZAba69Iz5CXITDXb5GSwO7T3b13lZClFUo7FTQM5ZBpLOFLrcTpc2YmTgOlAeIPmrRUEF22ZC7kLJaqmNTBPUBFtankpWt2lMMctjkpAlsHsW2LSkqpNIszf4CS4GwBJ4ZCk4nabeP9PwqWBcZBuhzP9SikZCorG9P110xTm7zG9TZBrVvnAGZB290CxigZDZD', 'media_type': 'image/jpeg', 'file_path': 'D:\\Study\\Live_FYP_site\\SocialMind\\Post_Generation/scheduled/27/1742125096_5825499.jpg', 'platform_page_id': '17841468223585701', 'platform_page_name': 'Instagram Account'}


2025-03-16 16:40:06,753 - SchedulerManager - ERROR - Error publishing post 27: InstagramManager.post_content() got an unexpected keyword argument 'media_url'
2025-03-16 16:40:06,754 - apscheduler.executors.default - INFO - Job "Scheduled Post 27 for Platform 2 (trigger: date[2025-03-16 16:40:00 PKT], next run at: 2025-03-16 16:40:00 PKT)" executed successfully
2025-03-16 16:40:41,783 - SchedulerManager - INFO - Initializing SchedulerManager
2025-03-16 16:40:41,783 - apscheduler.scheduler - INFO - Scheduler started
2025-03-16 16:40:41,783 - SchedulerManager - INFO - APScheduler started successfully
2025-03-16 16:40:42,014 - werkzeug - INFO - [31m[1mWARNING: This is a development server. Do not use it in a production deployment. Use a production WSGI server instead.[0m
 * Running on https://localhost:8443
2025-03-16 16:40:42,014 - werkzeug - INFO - [33mPress CTRL+C to quit[0m
2025-03-16 16:41:16,113 - __main__ - INFO - Received scheduling request
2025-03-16 16:41:16,113 - __main__ - INFO - Request data: {'post_id': 28, 'platform_id': 2, 'scheduled_time': '2025-03-16 16:45:00', 'user_id': 6, 'timezone': 'Asia/Karachi', 'post_data': {'AI_generated_description': "🌟 Just a reminder: It's okay to not be okay! 🌈💖 Taking care of your mental health is just as important as taking care of your physical health. Let’s break the stigma and talk about it! \n\nWhat’s one way you cope with stress? Share below! 👇✨ \n\n#MentalHealthMatters #BreakTheStigma #SelfCare #YouAreNotAlone #Mindfulness #MentalWellness #EmotionalHealth #TalkAboutIt", 'access_token': 'EAANdFud29dwBO5qpQhloh7ZBifm2ZC0CFQq6tJ8ZAR7XZA4x4lFcgO3iZAotuEGJ1Lqf3lXZAn3bVVUZAba69Iz5CXITDXb5GSwO7T3b13lZClFUo7FTQM5ZBpLOFLrcTpc2YmTgOlAeIPmrRUEF22ZC7kLJaqmNTBPUBFtankpWt2lMMctjkpAlsHsW2LSkqpNIszf4CS4GwBJ4ZCk4nabeP9PwqWBcZBuhzP9SikZCorG9P110xTm7zG9TZBrVvnAGZB290CxigZDZD', 'media_type': 'image/jpeg', 'file_path': 'D:\\Study\\Live_FYP_site\\SocialMind\\Post_Generation/scheduled/28/1742125274_5825499.jpg', 'platform_page_id': '17841468223585701', 'platform_page_name': 'Instagram Account'}}
2025-03-16 16:41:16,220 - SchedulerManager - INFO - Scheduling post 28 for user 6 in timezone: Asia/Karachi
2025-03-16 16:41:16,389 - apscheduler.scheduler - INFO - Added job "Scheduled Post 28 for Platform 2" to job store "default"
2025-03-16 16:41:16,389 - SchedulerManager - INFO - Post 28 scheduled for 2025-03-16 16:45:00+05:00 (Asia/Karachi)
2025-03-16 16:41:16,395 - __main__ - INFO - Successfully scheduled post 28
2025-03-16 16:41:16,403 - werkzeug - INFO - 127.0.0.1 - - [16/Mar/2025 16:41:16] "POST /scheduler/schedule HTTP/1.1" 200 -
2025-03-16 16:45:00,006 - apscheduler.executors.default - INFO - Running job "Scheduled Post 28 for Platform 2 (trigger: date[2025-03-16 16:45:00 PKT], next run at: 2025-03-16 16:45:00 PKT)" (scheduled at 2025-03-16 16:45:00+05:00)
2025-03-16 16:45:00,006 - apscheduler.scheduler - INFO - Removed job post_28_2
2025-03-16 16:45:00,006 - SchedulerManager - INFO - Executing post 28 at 2025-03-16 16:45:00.006731+05:00 (Asia/Karachi)
2025-03-16 16:45:00,014 - SchedulerManager - INFO - 

EXECUTED Post data: {'AI_generated_description': "🌟 Just a reminder: It's okay to not be okay! 🌈💖 Taking care of your mental health is just as important as taking care of your physical health. Let’s break the stigma and talk about it! \n\nWhat’s one way you cope with stress? Share below! 👇✨ \n\n#MentalHealthMatters #BreakTheStigma #SelfCare #YouAreNotAlone #Mindfulness #MentalWellness #EmotionalHealth #TalkAboutIt", 'access_token': 'EAANdFud29dwBO5qpQhloh7ZBifm2ZC0CFQq6tJ8ZAR7XZA4x4lFcgO3iZAotuEGJ1Lqf3lXZAn3bVVUZAba69Iz5CXITDXb5GSwO7T3b13lZClFUo7FTQM5ZBpLOFLrcTpc2YmTgOlAeIPmrRUEF22ZC7kLJaqmNTBPUBFtankpWt2lMMctjkpAlsHsW2LSkqpNIszf4CS4GwBJ4ZCk4nabeP9PwqWBcZBuhzP9SikZCorG9P110xTm7zG9TZBrVvnAGZB290CxigZDZD', 'media_type': 'image/jpeg', 'file_path': 'D:\\Study\\Live_FYP_site\\SocialMind\\Post_Generation/scheduled/28/1742125274_5825499.jpg', 'platform_page_id': '17841468223585701', 'platform_page_name': 'Instagram Account'}


2025-03-16 16:45:23,204 - SchedulerManager - INFO - Successfully published scheduled post 28
2025-03-16 16:45:23,293 - apscheduler.executors.default - INFO - Job "Scheduled Post 28 for Platform 2 (trigger: date[2025-03-16 16:45:00 PKT], next run at: 2025-03-16 16:45:00 PKT)" executed successfully
2025-03-16 16:48:25,936 - __main__ - INFO - Received scheduling request
2025-03-16 16:48:25,936 - __main__ - INFO - Request data: {'post_id': 29, 'platform_id': 2, 'scheduled_time': '2025-03-16 16:50:00', 'user_id': 6, 'timezone': 'Asia/Karachi', 'post_data': {'AI_generated_description': "🌟 In a world that never hits pause, our minds often feel like they're running a marathon. But remember, it's okay to take a break. 🧠💖\n\nTherapy isn't a sign of weakness; it's a bold step towards understanding ourselves and reclaiming our peace. Just like we fuel our bodies, let’s fuel our minds! \n\nDrop a 🌈 if you're on this journey too. Let's lift each other up! \n\n#MentalHealthMatters #TherapyIsCool #SelfCare #HealingJourney #Mindfulness #BreakTheStigma #MentalWellness #YouAreNotAlone", 'access_token': 'EAANdFud29dwBO5qpQhloh7ZBifm2ZC0CFQq6tJ8ZAR7XZA4x4lFcgO3iZAotuEGJ1Lqf3lXZAn3bVVUZAba69Iz5CXITDXb5GSwO7T3b13lZClFUo7FTQM5ZBpLOFLrcTpc2YmTgOlAeIPmrRUEF22ZC7kLJaqmNTBPUBFtankpWt2lMMctjkpAlsHsW2LSkqpNIszf4CS4GwBJ4ZCk4nabeP9PwqWBcZBuhzP9SikZCorG9P110xTm7zG9TZBrVvnAGZB290CxigZDZD', 'media_type': 'image/jpeg', 'file_path': 'D:\\Study\\Live_FYP_site\\SocialMind\\Post_Generation/scheduled/29/1742125703_5825499.jpg', 'platform_page_id': '17841468223585701', 'platform_page_name': 'Instagram Account'}}
2025-03-16 16:48:25,936 - SchedulerManager - INFO - Scheduling post 29 for user 6 in timezone: Asia/Karachi
2025-03-16 16:48:25,965 - apscheduler.scheduler - INFO - Added job "Scheduled Post 29 for Platform 2" to job store "default"
2025-03-16 16:48:25,965 - SchedulerManager - INFO - Post 29 scheduled for 2025-03-16 16:50:00+05:00 (Asia/Karachi)
2025-03-16 16:48:25,997 - __main__ - INFO - Successfully scheduled post 29
2025-03-16 16:48:26,045 - werkzeug - INFO - 127.0.0.1 - - [16/Mar/2025 16:48:26] "POST /scheduler/schedule HTTP/1.1" 200 -
2025-03-16 16:50:00,016 - apscheduler.scheduler - INFO - Removed job post_29_2
2025-03-16 16:50:00,016 - apscheduler.executors.default - INFO - Running job "Scheduled Post 29 for Platform 2 (trigger: date[2025-03-16 16:50:00 PKT], next run at: 2025-03-16 16:50:00 PKT)" (scheduled at 2025-03-16 16:50:00+05:00)
2025-03-16 16:50:00,016 - SchedulerManager - INFO - Executing post 29 at 2025-03-16 16:50:00.016412+05:00 (Asia/Karachi)
2025-03-16 16:50:00,016 - SchedulerManager - INFO - 

EXECUTED Post data: {'AI_generated_description': "🌟 In a world that never hits pause, our minds often feel like they're running a marathon. But remember, it's okay to take a break. 🧠💖\n\nTherapy isn't a sign of weakness; it's a bold step towards understanding ourselves and reclaiming our peace. Just like we fuel our bodies, let’s fuel our minds! \n\nDrop a 🌈 if you're on this journey too. Let's lift each other up! \n\n#MentalHealthMatters #TherapyIsCool #SelfCare #HealingJourney #Mindfulness #BreakTheStigma #MentalWellness #YouAreNotAlone", 'access_token': 'EAANdFud29dwBO5qpQhloh7ZBifm2ZC0CFQq6tJ8ZAR7XZA4x4lFcgO3iZAotuEGJ1Lqf3lXZAn3bVVUZAba69Iz5CXITDXb5GSwO7T3b13lZClFUo7FTQM5ZBpLOFLrcTpc2YmTgOlAeIPmrRUEF22ZC7kLJaqmNTBPUBFtankpWt2lMMctjkpAlsHsW2LSkqpNIszf4CS4GwBJ4ZCk4nabeP9PwqWBcZBuhzP9SikZCorG9P110xTm7zG9TZBrVvnAGZB290CxigZDZD', 'media_type': 'image/jpeg', 'file_path': 'D:\\Study\\Live_FYP_site\\SocialMind\\Post_Generation/scheduled/29/1742125703_5825499.jpg', 'platform_page_id': '17841468223585701', 'platform_page_name': 'Instagram Account'}


2025-03-16 16:50:13,748 - SchedulerManager - INFO - Successfully published scheduled post 29
2025-03-16 16:50:13,750 - apscheduler.executors.default - INFO - Job "Scheduled Post 29 for Platform 2 (trigger: date[2025-03-16 16:50:00 PKT], next run at: 2025-03-16 16:50:00 PKT)" executed successfully
